[2026-05-18 01:03:08.363126] Creating project plan...
[2026-05-18 01:14:08.025256] Creating project plan...
[2026-05-18 01:14:25.017382] Project created at E:\\Helix_Projects\quick_notes_app
[2026-05-18 01:14:25.019397] Generating lib/main.dart...
[2026-05-18 01:14:26.515694] Generating lib/notes_provider.dart...
[2026-05-18 01:14:27.934978] Generating lib/note_editor_screen.dart...
[2026-05-18 01:14:32.612081] Generating lib/note_list_screen.dart...
[2026-05-18 01:14:33.981800] Installing dependencies...
[2026-05-18 01:14:33.981800] Executing project...
[2026-05-18 01:14:43.365344] Execution failed. Starting autonomous debugging...
[2026-05-18 01:38:43.528241] Creating project plan...
[2026-05-18 01:38:54.489930] Project created at E:\\Helix_Projects\quick_notes_app
[2026-05-18 01:38:54.501189] Generating lib/main.dart...
[2026-05-18 01:39:00.281957] Generating pubspec.yaml...
[2026-05-18 01:39:01.309832] Installing dependencies...
[2026-05-18 01:39:01.310606] Executing project...
[2026-05-18 01:39:02.118068] Execution failed. Starting autonomous debugging...
[2026-05-18 01:39:03.204605] Repairing pubspec.yaml...
[2026-05-18 01:39:04.691331] Retrying execution...
[2026-05-18 01:39:05.198316] Execution failed. Starting autonomous debugging...
[2026-05-18 01:39:06.343776] Repairing pubspec.yaml...
[2026-05-18 01:39:07.807319] Retrying execution...
[2026-05-18 01:39:08.299661] Execution failed. Starting autonomous debugging...
[2026-05-18 01:39:09.313996] Repairing pubspec.yaml...
[2026-05-18 01:39:10.767818] Retrying execution...
[2026-05-18 01:39:11.274620] Autonomous debugging failed.
