[01:25:04] Intent => brain
[01:25:27] Intent => brain
[01:25:42] Intent => brain
[01:26:21] Intent => desktop
[01:26:43] Intent => coding
[01:27:04] Intent => coding
[01:30:16] Intent => coding
[01:33:21] Intent => coding
[01:37:38] Intent => coding
[02:37:36] Intent => brain
[02:37:52] Intent => brain
[02:41:29] Intent => brain
[02:42:28] Intent => brain
[02:42:39] Intent => brain
[02:42:53] Intent => brain
[02:43:33] Intent => brain
[02:43:42] Intent => brain
[02:44:26] Intent => desktop
[02:45:23] Intent => coding
[02:46:47] Intent => brain
[02:53:47] Intent => brain
[02:54:00] Intent => brain
[02:54:15] Intent => brain
[02:55:12] Intent => coding
[2026-05-17 03:02:51.638542] Intent => brain
[2026-05-17 03:03:22.720813] Intent => coding
[2026-05-17 03:06:40.073268] Intent => brain
[2026-05-17 03:07:00.860132] Intent => coding
[2026-05-17 03:09:58.727439] Intent => coding
[2026-05-17 03:10:24.594370] Intent => brain
[2026-05-17 03:11:43.670073] Intent => coding
